<?xml version="1.0" encoding="UTF-8"?>
<!-- Generated by org.testng.reporters.JUnitReportReporter -->
<testsuite skipped="0" hostname="DESKTOP-T1UPTMJ" name="Project.Project.ReadExcel_Data" tests="1" failures="0" timestamp="2019-10-13T16:32:18 IST" time="0.452" errors="0">
  <testcase name="readData" time="0.452" classname="Project.Project.ReadExcel_Data"/>
</testsuite> <!-- Project.Project.ReadExcel_Data -->
